{"numFailedTestSuites":0,"numFailedTests":0,"numPassedTestSuites":2,"numPassedTests":8,"numPendingTestSuites":0,"numPendingTests":0,"numRuntimeErrorTestSuites":0,"numTodoTests":0,"numTotalTestSuites":2,"numTotalTests":8,"openHandles":[],"snapshot":{"added":0,"didUpdate":false,"failure":false,"filesAdded":0,"filesRemoved":0,"filesRemovedList":[],"filesUnmatched":0,"filesUpdated":0,"matched":0,"total":0,"unchecked":0,"uncheckedKeysByFile":[],"unmatched":0,"updated":0},"startTime":1740621593299,"success":true,"testResults":[{"assertionResults":[{"ancestorTitles":["analizarCodigo"],"duration":10,"failureDetails":[],"failureMessages":[],"fullName":"analizarCodigo Debería listar y analizar los archivos en un directorio","invocations":1,"location":null,"numPassingAsserts":0,"retryReasons":[],"status":"passed","title":"Debería listar y analizar los archivos en un directorio"},{"ancestorTitles":["analizarCodigo"],"duration":1,"failureDetails":[],"failureMessages":[],"fullName":"analizarCodigo Debería seguir buenas prácticas","invocations":1,"location":null,"numPassingAsserts":1,"retryReasons":[],"status":"passed","title":"Debería seguir buenas prácticas"},{"ancestorTitles":["analizarCodigo"],"duration":14,"failureDetails":[],"failureMessages":[],"fullName":"analizarCodigo Debería no tener más de 80 caracteres por línea","invocations":1,"location":null,"numPassingAsserts":143,"retryReasons":[],"status":"passed","title":"Debería no tener más de 80 caracteres por línea"}],"endTime":1740621593758,"message":"","name":"C:\\Users\\Fktech\\OneDrive - FK TECH SRL\\Escritorio\\CursoNodeJS-Pedro\\GitClass\\src\\tests\\codeAnalyzer.test.js","startTime":1740621593387,"status":"passed","summary":""},{"assertionResults":[{"ancestorTitles":["sum"],"duration":0,"failureDetails":[],"failureMessages":[],"fullName":"sum Debe devolver la suma de dos números positivos","invocations":1,"location":null,"numPassingAsserts":1,"retryReasons":[],"status":"passed","title":"Debe devolver la suma de dos números positivos"},{"ancestorTitles":["sum"],"duration":0,"failureDetails":[],"failureMessages":[],"fullName":"sum Debe devolver la suma de dos números negativos","invocations":1,"location":null,"numPassingAsserts":1,"retryReasons":[],"status":"passed","title":"Debe devolver la suma de dos números negativos"},{"ancestorTitles":["sum"],"duration":0,"failureDetails":[],"failureMessages":[],"fullName":"sum Debe devolver la suma de un número positivo y otro negativo","invocations":1,"location":null,"numPassingAsserts":1,"retryReasons":[],"status":"passed","title":"Debe devolver la suma de un número positivo y otro negativo"},{"ancestorTitles":["sum"],"duration":0,"failureDetails":[],"failureMessages":[],"fullName":"sum Debe devolver 0 cuando ambos números son 0","invocations":1,"location":null,"numPassingAsserts":1,"retryReasons":[],"status":"passed","title":"Debe devolver 0 cuando ambos números son 0"},{"ancestorTitles":["sum"],"duration":1,"failureDetails":[],"failureMessages":[],"fullName":"sum Debe devolver la suma de un número y 0","invocations":1,"location":null,"numPassingAsserts":2,"retryReasons":[],"status":"passed","title":"Debe devolver la suma de un número y 0"}],"endTime":1740621593861,"message":"","name":"C:\\Users\\Fktech\\OneDrive - FK TECH SRL\\Escritorio\\CursoNodeJS-Pedro\\GitClass\\src\\tests\\suma.test.js","startTime":1740621593779,"status":"passed","summary":""}],"wasInterrupted":false,"coverageMap":{"C:\\Users\\Fktech\\OneDrive - FK TECH SRL\\Escritorio\\CursoNodeJS-Pedro\\GitClass\\src\\analysis\\codeAnalyzer.js":{"path":"C:\\Users\\Fktech\\OneDrive - FK TECH SRL\\Escritorio\\CursoNodeJS-Pedro\\GitClass\\src\\analysis\\codeAnalyzer.js","all":false,"statementMap":{"0":{"start":{"line":1,"column":0},"end":{"line":1,"column":13}},"1":{"start":{"line":2,"column":0},"end":{"line":2,"column":90}},"2":{"start":{"line":3,"column":0},"end":{"line":3,"column":112}},"3":{"start":{"line":4,"column":0},"end":{"line":4,"column":64}},"4":{"start":{"line":5,"column":0},"end":{"line":5,"column":99}},"5":{"start":{"line":6,"column":0},"end":{"line":6,"column":102}},"6":{"start":{"line":7,"column":0},"end":{"line":7,"column":118}},"7":{"start":{"line":8,"column":0},"end":{"line":8,"column":78}},"8":{"start":{"line":9,"column":0},"end":{"line":9,"column":7}},"9":{"start":{"line":10,"column":0},"end":{"line":10,"column":2}},"10":{"start":{"line":11,"column":0},"end":{"line":11,"column":72}},"11":{"start":{"line":12,"column":0},"end":{"line":12,"column":62}},"12":{"start":{"line":13,"column":0},"end":{"line":13,"column":2}},"13":{"start":{"line":14,"column":0},"end":{"line":14,"column":62}},"14":{"start":{"line":15,"column":0},"end":{"line":15,"column":40}},"15":{"start":{"line":16,"column":0},"end":{"line":16,"column":44}},"16":{"start":{"line":17,"column":0},"end":{"line":17,"column":48}},"17":{"start":{"line":18,"column":0},"end":{"line":18,"column":25}},"18":{"start":{"line":19,"column":0},"end":{"line":19,"column":115}},"19":{"start":{"line":20,"column":0},"end":{"line":20,"column":49}},"20":{"start":{"line":21,"column":0},"end":{"line":21,"column":60}},"21":{"start":{"line":22,"column":0},"end":{"line":22,"column":35}},"22":{"start":{"line":23,"column":0},"end":{"line":23,"column":57}},"23":{"start":{"line":24,"column":0},"end":{"line":24,"column":38}},"24":{"start":{"line":25,"column":0},"end":{"line":25,"column":13}},"25":{"start":{"line":26,"column":0},"end":{"line":26,"column":105}},"26":{"start":{"line":27,"column":0},"end":{"line":27,"column":56}},"27":{"start":{"line":28,"column":0},"end":{"line":28,"column":39}},"28":{"start":{"line":29,"column":0},"end":{"line":29,"column":69}},"29":{"start":{"line":30,"column":0},"end":{"line":30,"column":122}},"30":{"start":{"line":31,"column":0},"end":{"line":31,"column":41}},"31":{"start":{"line":32,"column":0},"end":{"line":32,"column":70}},"32":{"start":{"line":33,"column":0},"end":{"line":33,"column":71}},"33":{"start":{"line":34,"column":0},"end":{"line":34,"column":81}},"34":{"start":{"line":35,"column":0},"end":{"line":35,"column":45}},"35":{"start":{"line":36,"column":0},"end":{"line":36,"column":41}},"36":{"start":{"line":37,"column":0},"end":{"line":37,"column":55}},"37":{"start":{"line":38,"column":0},"end":{"line":38,"column":23}},"38":{"start":{"line":39,"column":0},"end":{"line":39,"column":17}},"39":{"start":{"line":40,"column":0},"end":{"line":40,"column":22}},"40":{"start":{"line":41,"column":0},"end":{"line":41,"column":56}},"41":{"start":{"line":42,"column":0},"end":{"line":42,"column":79}},"42":{"start":{"line":43,"column":0},"end":{"line":43,"column":65}},"43":{"start":{"line":44,"column":0},"end":{"line":44,"column":76}},"44":{"start":{"line":45,"column":0},"end":{"line":45,"column":100}},"45":{"start":{"line":46,"column":0},"end":{"line":46,"column":76}},"46":{"start":{"line":47,"column":0},"end":{"line":47,"column":62}},"47":{"start":{"line":48,"column":0},"end":{"line":48,"column":75}},"48":{"start":{"line":49,"column":0},"end":{"line":49,"column":63}},"49":{"start":{"line":50,"column":0},"end":{"line":50,"column":77}},"50":{"start":{"line":51,"column":0},"end":{"line":51,"column":65}},"51":{"start":{"line":52,"column":0},"end":{"line":52,"column":84}},"52":{"start":{"line":53,"column":0},"end":{"line":53,"column":45}},"53":{"start":{"line":54,"column":0},"end":{"line":54,"column":103}},"54":{"start":{"line":55,"column":0},"end":{"line":55,"column":90}},"55":{"start":{"line":56,"column":0},"end":{"line":56,"column":324}},"56":{"start":{"line":57,"column":0},"end":{"line":57,"column":88}},"57":{"start":{"line":58,"column":0},"end":{"line":58,"column":98}},"58":{"start":{"line":59,"column":0},"end":{"line":59,"column":88}},"59":{"start":{"line":60,"column":0},"end":{"line":60,"column":50}},"60":{"start":{"line":61,"column":0},"end":{"line":61,"column":86}},"61":{"start":{"line":62,"column":0},"end":{"line":62,"column":80}},"62":{"start":{"line":63,"column":0},"end":{"line":63,"column":53}},"63":{"start":{"line":64,"column":0},"end":{"line":64,"column":80}},"64":{"start":{"line":65,"column":0},"end":{"line":65,"column":95}},"65":{"start":{"line":66,"column":0},"end":{"line":66,"column":52}},"66":{"start":{"line":67,"column":0},"end":{"line":67,"column":86}},"67":{"start":{"line":68,"column":0},"end":{"line":68,"column":85}},"68":{"start":{"line":69,"column":0},"end":{"line":69,"column":75}},"69":{"start":{"line":70,"column":0},"end":{"line":70,"column":49}},"70":{"start":{"line":71,"column":0},"end":{"line":71,"column":37}},"71":{"start":{"line":72,"column":0},"end":{"line":72,"column":56}},"72":{"start":{"line":73,"column":0},"end":{"line":73,"column":56}},"73":{"start":{"line":74,"column":0},"end":{"line":74,"column":66}},"74":{"start":{"line":75,"column":0},"end":{"line":75,"column":59}},"75":{"start":{"line":76,"column":0},"end":{"line":76,"column":70}},"76":{"start":{"line":77,"column":0},"end":{"line":77,"column":70}},"77":{"start":{"line":78,"column":0},"end":{"line":78,"column":61}},"78":{"start":{"line":79,"column":0},"end":{"line":79,"column":44}},"79":{"start":{"line":80,"column":0},"end":{"line":80,"column":44}},"80":{"start":{"line":81,"column":0},"end":{"line":81,"column":27}},"81":{"start":{"line":82,"column":0},"end":{"line":82,"column":21}},"82":{"start":{"line":83,"column":0},"end":{"line":83,"column":17}},"83":{"start":{"line":84,"column":0},"end":{"line":84,"column":13}},"84":{"start":{"line":85,"column":0},"end":{"line":85,"column":84}},"85":{"start":{"line":86,"column":0},"end":{"line":86,"column":94}},"86":{"start":{"line":87,"column":0},"end":{"line":87,"column":17}},"87":{"start":{"line":88,"column":0},"end":{"line":88,"column":111}},"88":{"start":{"line":89,"column":0},"end":{"line":89,"column":77}},"89":{"start":{"line":90,"column":0},"end":{"line":90,"column":13}},"90":{"start":{"line":91,"column":0},"end":{"line":91,"column":27}},"91":{"start":{"line":92,"column":0},"end":{"line":92,"column":69}},"92":{"start":{"line":93,"column":0},"end":{"line":93,"column":13}},"93":{"start":{"line":94,"column":0},"end":{"line":94,"column":9}},"94":{"start":{"line":95,"column":0},"end":{"line":95,"column":23}},"95":{"start":{"line":96,"column":0},"end":{"line":96,"column":47}},"96":{"start":{"line":97,"column":0},"end":{"line":97,"column":71}},"97":{"start":{"line":98,"column":0},"end":{"line":98,"column":9}},"98":{"start":{"line":99,"column":0},"end":{"line":99,"column":34}},"99":{"start":{"line":100,"column":0},"end":{"line":100,"column":7}},"100":{"start":{"line":101,"column":0},"end":{"line":101,"column":1}},"101":{"start":{"line":102,"column":0},"end":{"line":102,"column":51}},"102":{"start":{"line":103,"column":0},"end":{"line":103,"column":49}},"103":{"start":{"line":104,"column":0},"end":{"line":104,"column":94}},"104":{"start":{"line":105,"column":0},"end":{"line":105,"column":30}},"105":{"start":{"line":106,"column":0},"end":{"line":106,"column":1}},"106":{"start":{"line":107,"column":0},"end":{"line":107,"column":61}},"107":{"start":{"line":108,"column":0},"end":{"line":108,"column":42}},"108":{"start":{"line":109,"column":0},"end":{"line":109,"column":21}},"109":{"start":{"line":110,"column":0},"end":{"line":110,"column":25}},"110":{"start":{"line":111,"column":0},"end":{"line":111,"column":31}},"111":{"start":{"line":112,"column":0},"end":{"line":112,"column":33}},"112":{"start":{"line":113,"column":0},"end":{"line":113,"column":27}},"113":{"start":{"line":114,"column":0},"end":{"line":114,"column":42}},"114":{"start":{"line":115,"column":0},"end":{"line":115,"column":40}},"115":{"start":{"line":116,"column":0},"end":{"line":116,"column":13}},"116":{"start":{"line":117,"column":0},"end":{"line":117,"column":9}},"117":{"start":{"line":118,"column":0},"end":{"line":118,"column":33}},"118":{"start":{"line":119,"column":0},"end":{"line":119,"column":27}},"119":{"start":{"line":120,"column":0},"end":{"line":120,"column":9}},"120":{"start":{"line":121,"column":0},"end":{"line":121,"column":5}},"121":{"start":{"line":122,"column":0},"end":{"line":122,"column":20}},"122":{"start":{"line":123,"column":0},"end":{"line":123,"column":1}},"123":{"start":{"line":124,"column":0},"end":{"line":124,"column":54}},"124":{"start":{"line":125,"column":0},"end":{"line":125,"column":44}},"125":{"start":{"line":126,"column":0},"end":{"line":126,"column":384}},"126":{"start":{"line":127,"column":0},"end":{"line":127,"column":25}},"127":{"start":{"line":128,"column":0},"end":{"line":128,"column":14}},"128":{"start":{"line":129,"column":0},"end":{"line":129,"column":60}},"129":{"start":{"line":130,"column":0},"end":{"line":130,"column":50}},"130":{"start":{"line":131,"column":0},"end":{"line":131,"column":38}},"131":{"start":{"line":132,"column":0},"end":{"line":132,"column":79}},"132":{"start":{"line":133,"column":0},"end":{"line":133,"column":72}},"133":{"start":{"line":134,"column":0},"end":{"line":134,"column":24}},"134":{"start":{"line":135,"column":0},"end":{"line":135,"column":31}},"135":{"start":{"line":136,"column":0},"end":{"line":136,"column":52}},"136":{"start":{"line":137,"column":0},"end":{"line":137,"column":33}},"137":{"start":{"line":138,"column":0},"end":{"line":138,"column":28}},"138":{"start":{"line":139,"column":0},"end":{"line":139,"column":11}},"139":{"start":{"line":140,"column":0},"end":{"line":140,"column":5}},"140":{"start":{"line":141,"column":0},"end":{"line":141,"column":21}},"141":{"start":{"line":142,"column":0},"end":{"line":142,"column":1}},"142":{"start":{"line":143,"column":0},"end":{"line":143,"column":34}},"143":{"start":{"line":144,"column":0},"end":{"line":144,"column":33}}},"s":{"0":1,"1":1,"2":1,"3":1,"4":1,"5":1,"6":1,"7":1,"8":1,"9":1,"10":1,"11":2,"12":2,"13":1,"14":1,"15":1,"16":1,"17":1,"18":1,"19":1,"20":1,"21":1,"22":1,"23":1,"24":1,"25":1,"26":1,"27":1,"28":2,"29":2,"30":2,"31":0,"32":0,"33":0,"34":0,"35":0,"36":0,"37":0,"38":0,"39":2,"40":2,"41":2,"42":2,"43":2,"44":2,"45":2,"46":2,"47":2,"48":2,"49":2,"50":2,"51":2,"52":2,"53":2,"54":2,"55":2,"56":2,"57":2,"58":2,"59":2,"60":2,"61":2,"62":2,"63":2,"64":2,"65":2,"66":2,"67":2,"68":2,"69":2,"70":2,"71":2,"72":2,"73":2,"74":2,"75":2,"76":2,"77":2,"78":2,"79":2,"80":2,"81":2,"82":2,"83":2,"84":1,"85":1,"86":1,"87":1,"88":1,"89":1,"90":1,"91":0,"92":0,"93":1,"94":1,"95":0,"96":0,"97":0,"98":1,"99":1,"100":1,"101":1,"102":2,"103":2,"104":2,"105":2,"106":1,"107":2,"108":2,"109":2,"110":2,"111":288,"112":78,"113":78,"114":15,"115":15,"116":78,"117":288,"118":79,"119":79,"120":288,"121":2,"122":2,"123":1,"124":2,"125":2,"126":2,"127":2,"128":2,"129":9,"130":9,"131":9,"132":9,"133":9,"134":9,"135":9,"136":9,"137":9,"138":9,"139":9,"140":2,"141":2,"142":1,"143":1},"branchMap":{"0":{"type":"branch","line":19,"loc":{"start":{"line":19,"column":49},"end":{"line":19,"column":114}},"locations":[{"start":{"line":19,"column":49},"end":{"line":19,"column":114}}]},"1":{"type":"branch","line":2,"loc":{"start":{"line":2,"column":44},"end":{"line":10,"column":2}},"locations":[{"start":{"line":2,"column":44},"end":{"line":10,"column":2}}]},"2":{"type":"branch","line":3,"loc":{"start":{"line":3,"column":4},"end":{"line":3,"column":112}},"locations":[{"start":{"line":3,"column":4},"end":{"line":3,"column":112}}]},"3":{"type":"branch","line":3,"loc":{"start":{"line":3,"column":53},"end":{"line":3,"column":61}},"locations":[{"start":{"line":3,"column":53},"end":{"line":3,"column":61}}]},"4":{"type":"branch","line":3,"loc":{"start":{"line":3,"column":70},"end":{"line":3,"column":108}},"locations":[{"start":{"line":3,"column":70},"end":{"line":3,"column":108}}]},"5":{"type":"branch","line":4,"loc":{"start":{"line":4,"column":36},"end":{"line":9,"column":5}},"locations":[{"start":{"line":4,"column":36},"end":{"line":9,"column":5}}]},"6":{"type":"branch","line":5,"loc":{"start":{"line":5,"column":8},"end":{"line":5,"column":99}},"locations":[{"start":{"line":5,"column":8},"end":{"line":5,"column":99}}]},"7":{"type":"branch","line":5,"loc":{"start":{"line":5,"column":73},"end":{"line":5,"column":98}},"locations":[{"start":{"line":5,"column":73},"end":{"line":5,"column":98}}]},"8":{"type":"branch","line":7,"loc":{"start":{"line":7,"column":8},"end":{"line":7,"column":118}},"locations":[{"start":{"line":7,"column":8},"end":{"line":7,"column":118}}]},"9":{"type":"branch","line":7,"loc":{"start":{"line":7,"column":43},"end":{"line":7,"column":67}},"locations":[{"start":{"line":7,"column":43},"end":{"line":7,"column":67}}]},"10":{"type":"branch","line":7,"loc":{"start":{"line":7,"column":67},"end":{"line":7,"column":115}},"locations":[{"start":{"line":7,"column":67},"end":{"line":7,"column":115}}]},"11":{"type":"branch","line":11,"loc":{"start":{"line":11,"column":56},"end":{"line":13,"column":2}},"locations":[{"start":{"line":11,"column":56},"end":{"line":13,"column":2}}]},"12":{"type":"branch","line":12,"loc":{"start":{"line":12,"column":33},"end":{"line":12,"column":40}},"locations":[{"start":{"line":12,"column":33},"end":{"line":12,"column":40}}]},"13":{"type":"branch","line":22,"loc":{"start":{"line":22,"column":0},"end":{"line":101,"column":1}},"locations":[{"start":{"line":22,"column":0},"end":{"line":101,"column":1}}]},"14":{"type":"branch","line":23,"loc":{"start":{"line":23,"column":43},"end":{"line":100,"column":5}},"locations":[{"start":{"line":23,"column":43},"end":{"line":100,"column":5}}]},"15":{"type":"branch","line":28,"loc":{"start":{"line":28,"column":38},"end":{"line":84,"column":13}},"locations":[{"start":{"line":28,"column":38},"end":{"line":84,"column":13}}]},"16":{"type":"branch","line":31,"loc":{"start":{"line":31,"column":40},"end":{"line":39,"column":17}},"locations":[{"start":{"line":31,"column":40},"end":{"line":39,"column":17}}]},"17":{"type":"branch","line":43,"loc":{"start":{"line":43,"column":41},"end":{"line":43,"column":62}},"locations":[{"start":{"line":43,"column":41},"end":{"line":43,"column":62}}]},"18":{"type":"branch","line":56,"loc":{"start":{"line":56,"column":317},"end":{"line":56,"column":323}},"locations":[{"start":{"line":56,"column":317},"end":{"line":56,"column":323}}]},"19":{"type":"branch","line":58,"loc":{"start":{"line":58,"column":91},"end":{"line":58,"column":97}},"locations":[{"start":{"line":58,"column":91},"end":{"line":58,"column":97}}]},"20":{"type":"branch","line":91,"loc":{"start":{"line":91,"column":12},"end":{"line":93,"column":13}},"locations":[{"start":{"line":91,"column":12},"end":{"line":93,"column":13}}]},"21":{"type":"branch","line":95,"loc":{"start":{"line":95,"column":8},"end":{"line":98,"column":9}},"locations":[{"start":{"line":95,"column":8},"end":{"line":98,"column":9}}]},"22":{"type":"branch","line":54,"loc":{"start":{"line":54,"column":58},"end":{"line":54,"column":94}},"locations":[{"start":{"line":54,"column":58},"end":{"line":54,"column":94}}]},"23":{"type":"branch","line":103,"loc":{"start":{"line":103,"column":0},"end":{"line":106,"column":1}},"locations":[{"start":{"line":103,"column":0},"end":{"line":106,"column":1}}]},"24":{"type":"branch","line":104,"loc":{"start":{"line":104,"column":87},"end":{"line":104,"column":93}},"locations":[{"start":{"line":104,"column":87},"end":{"line":104,"column":93}}]},"25":{"type":"branch","line":108,"loc":{"start":{"line":108,"column":0},"end":{"line":123,"column":1}},"locations":[{"start":{"line":108,"column":0},"end":{"line":123,"column":1}}]},"26":{"type":"branch","line":111,"loc":{"start":{"line":111,"column":30},"end":{"line":121,"column":5}},"locations":[{"start":{"line":111,"column":30},"end":{"line":121,"column":5}}]},"27":{"type":"branch","line":112,"loc":{"start":{"line":112,"column":32},"end":{"line":117,"column":9}},"locations":[{"start":{"line":112,"column":32},"end":{"line":117,"column":9}}]},"28":{"type":"branch","line":114,"loc":{"start":{"line":114,"column":41},"end":{"line":116,"column":13}},"locations":[{"start":{"line":114,"column":41},"end":{"line":116,"column":13}}]},"29":{"type":"branch","line":118,"loc":{"start":{"line":118,"column":32},"end":{"line":120,"column":9}},"locations":[{"start":{"line":118,"column":32},"end":{"line":120,"column":9}}]},"30":{"type":"branch","line":125,"loc":{"start":{"line":125,"column":0},"end":{"line":142,"column":1}},"locations":[{"start":{"line":125,"column":0},"end":{"line":142,"column":1}}]},"31":{"type":"branch","line":129,"loc":{"start":{"line":129,"column":59},"end":{"line":140,"column":5}},"locations":[{"start":{"line":129,"column":59},"end":{"line":140,"column":5}}]}},"b":{"0":[0],"1":[1],"2":[6],"3":[0],"4":[6],"5":[1],"6":[6],"7":[0],"8":[7],"9":[1],"10":[6],"11":[2],"12":[0],"13":[1],"14":[1],"15":[2],"16":[0],"17":[1],"18":[0],"19":[0],"20":[0],"21":[0],"22":[288],"23":[2],"24":[0],"25":[2],"26":[288],"27":[78],"28":[15],"29":[79],"30":[2],"31":[9]},"fnMap":{"0":{"name":"Object.<anonymous>.__awaiter","decl":{"start":{"line":2,"column":44},"end":{"line":10,"column":2}},"loc":{"start":{"line":2,"column":44},"end":{"line":10,"column":2}},"line":2},"1":{"name":"adopt","decl":{"start":{"line":3,"column":4},"end":{"line":3,"column":112}},"loc":{"start":{"line":3,"column":4},"end":{"line":3,"column":112}},"line":3},"2":{"name":"fulfilled","decl":{"start":{"line":5,"column":8},"end":{"line":5,"column":99}},"loc":{"start":{"line":5,"column":8},"end":{"line":5,"column":99}},"line":5},"3":{"name":"rejected","decl":{"start":{"line":6,"column":8},"end":{"line":6,"column":102}},"loc":{"start":{"line":6,"column":8},"end":{"line":6,"column":102}},"line":6},"4":{"name":"step","decl":{"start":{"line":7,"column":8},"end":{"line":7,"column":118}},"loc":{"start":{"line":7,"column":8},"end":{"line":7,"column":118}},"line":7},"5":{"name":"Object.<anonymous>.__importDefault","decl":{"start":{"line":11,"column":56},"end":{"line":13,"column":2}},"loc":{"start":{"line":11,"column":56},"end":{"line":13,"column":2}},"line":11},"6":{"name":"analizarCodigo","decl":{"start":{"line":22,"column":0},"end":{"line":101,"column":1}},"loc":{"start":{"line":22,"column":0},"end":{"line":101,"column":1}},"line":22},"7":{"name":"calculateCyclomaticComplexity","decl":{"start":{"line":103,"column":0},"end":{"line":106,"column":1}},"loc":{"start":{"line":103,"column":0},"end":{"line":106,"column":1}},"line":103},"8":{"name":"calculateMaxNestingDepth","decl":{"start":{"line":108,"column":0},"end":{"line":123,"column":1}},"loc":{"start":{"line":108,"column":0},"end":{"line":123,"column":1}},"line":108},"9":{"name":"calculateFunctionDetails","decl":{"start":{"line":125,"column":0},"end":{"line":142,"column":1}},"loc":{"start":{"line":125,"column":0},"end":{"line":142,"column":1}},"line":125}},"f":{"0":1,"1":6,"2":6,"3":0,"4":7,"5":2,"6":1,"7":2,"8":2,"9":2}},"C:\\Users\\Fktech\\OneDrive - FK TECH SRL\\Escritorio\\CursoNodeJS-Pedro\\GitClass\\src\\utils\\suma.js":{"path":"C:\\Users\\Fktech\\OneDrive - FK TECH SRL\\Escritorio\\CursoNodeJS-Pedro\\GitClass\\src\\utils\\suma.js","all":false,"statementMap":{"0":{"start":{"line":1,"column":0},"end":{"line":1,"column":13}},"1":{"start":{"line":2,"column":0},"end":{"line":2,"column":62}},"2":{"start":{"line":3,"column":0},"end":{"line":3,"column":18}},"3":{"start":{"line":4,"column":0},"end":{"line":4,"column":20}},"4":{"start":{"line":5,"column":0},"end":{"line":5,"column":17}},"5":{"start":{"line":6,"column":0},"end":{"line":6,"column":1}}},"s":{"0":1,"1":1,"2":1,"3":6,"4":6,"5":6},"branchMap":{"0":{"type":"branch","line":4,"loc":{"start":{"line":4,"column":0},"end":{"line":6,"column":1}},"locations":[{"start":{"line":4,"column":0},"end":{"line":6,"column":1}}]}},"b":{"0":[6]},"fnMap":{"0":{"name":"sum","decl":{"start":{"line":4,"column":0},"end":{"line":6,"column":1}},"loc":{"start":{"line":4,"column":0},"end":{"line":6,"column":1}},"line":4}},"f":{"0":6}}}}
