{"numFailedTestSuites":0,"numFailedTests":0,"numPassedTestSuites":2,"numPassedTests":8,"numPendingTestSuites":0,"numPendingTests":0,"numRuntimeErrorTestSuites":0,"numTodoTests":0,"numTotalTestSuites":2,"numTotalTests":8,"openHandles":[],"snapshot":{"added":0,"didUpdate":false,"failure":false,"filesAdded":0,"filesRemoved":0,"filesRemovedList":[],"filesUnmatched":0,"filesUpdated":0,"matched":0,"total":0,"unchecked":0,"uncheckedKeysByFile":[],"unmatched":0,"updated":0},"startTime":1740586968829,"success":true,"testResults":[{"assertionResults":[{"ancestorTitles":["sum"],"duration":3,"failureDetails":[],"failureMessages":[],"fullName":"sum should return the sum of two positive numbers","invocations":1,"location":null,"numPassingAsserts":1,"retryReasons":[],"status":"passed","title":"should return the sum of two positive numbers"},{"ancestorTitles":["sum"],"duration":1,"failureDetails":[],"failureMessages":[],"fullName":"sum should return the sum of two negative numbers","invocations":1,"location":null,"numPassingAsserts":1,"retryReasons":[],"status":"passed","title":"should return the sum of two negative numbers"},{"ancestorTitles":["sum"],"duration":0,"failureDetails":[],"failureMessages":[],"fullName":"sum should return the sum of a positive and a negative number","invocations":1,"location":null,"numPassingAsserts":1,"retryReasons":[],"status":"passed","title":"should return the sum of a positive and a negative number"},{"ancestorTitles":["sum"],"duration":0,"failureDetails":[],"failureMessages":[],"fullName":"sum should return 0 when both numbers are 0","invocations":1,"location":null,"numPassingAsserts":1,"retryReasons":[],"status":"passed","title":"should return 0 when both numbers are 0"},{"ancestorTitles":["sum"],"duration":1,"failureDetails":[],"failureMessages":[],"fullName":"sum should return the sum of a number and 0","invocations":1,"location":null,"numPassingAsserts":2,"retryReasons":[],"status":"passed","title":"should return the sum of a number and 0"}],"endTime":1740586969204,"message":"","name":"C:\\Users\\Fktech\\OneDrive - FK TECH SRL\\Escritorio\\CursoNodeJS-Pedro\\GitClass\\src\\tests\\suma.test.js","startTime":1740586968907,"status":"passed","summary":""},{"assertionResults":[{"ancestorTitles":["analizarCodigo"],"duration":4,"failureDetails":[],"failureMessages":[],"fullName":"analizarCodigo debería listar y analizar los archivos en un directorio","invocations":1,"location":null,"numPassingAsserts":0,"retryReasons":[],"status":"passed","title":"debería listar y analizar los archivos en un directorio"},{"ancestorTitles":["analizarCodigo"],"duration":2,"failureDetails":[],"failureMessages":[],"fullName":"analizarCodigo debería seguir buenas prácticas","invocations":1,"location":null,"numPassingAsserts":1,"retryReasons":[],"status":"passed","title":"debería seguir buenas prácticas"},{"ancestorTitles":["analizarCodigo"],"duration":9,"failureDetails":[],"failureMessages":[],"fullName":"analizarCodigo debería no tener más de 80 caracteres por línea","invocations":1,"location":null,"numPassingAsserts":104,"retryReasons":[],"status":"passed","title":"debería no tener más de 80 caracteres por línea"}],"endTime":1740586969366,"message":"","name":"C:\\Users\\Fktech\\OneDrive - FK TECH SRL\\Escritorio\\CursoNodeJS-Pedro\\GitClass\\src\\tests\\codeAnalyzer.test.js","startTime":1740586969228,"status":"passed","summary":""}],"wasInterrupted":false,"coverageMap":{"C:\\Users\\Fktech\\OneDrive - FK TECH SRL\\Escritorio\\CursoNodeJS-Pedro\\GitClass\\src\\analysis\\codeAnalyzer.js":{"path":"C:\\Users\\Fktech\\OneDrive - FK TECH SRL\\Escritorio\\CursoNodeJS-Pedro\\GitClass\\src\\analysis\\codeAnalyzer.js","all":false,"statementMap":{"0":{"start":{"line":1,"column":0},"end":{"line":1,"column":13}},"1":{"start":{"line":2,"column":0},"end":{"line":2,"column":90}},"2":{"start":{"line":3,"column":0},"end":{"line":3,"column":112}},"3":{"start":{"line":4,"column":0},"end":{"line":4,"column":64}},"4":{"start":{"line":5,"column":0},"end":{"line":5,"column":99}},"5":{"start":{"line":6,"column":0},"end":{"line":6,"column":102}},"6":{"start":{"line":7,"column":0},"end":{"line":7,"column":118}},"7":{"start":{"line":8,"column":0},"end":{"line":8,"column":78}},"8":{"start":{"line":9,"column":0},"end":{"line":9,"column":7}},"9":{"start":{"line":10,"column":0},"end":{"line":10,"column":2}},"10":{"start":{"line":11,"column":0},"end":{"line":11,"column":72}},"11":{"start":{"line":12,"column":0},"end":{"line":12,"column":62}},"12":{"start":{"line":13,"column":0},"end":{"line":13,"column":2}},"13":{"start":{"line":14,"column":0},"end":{"line":14,"column":62}},"14":{"start":{"line":15,"column":0},"end":{"line":15,"column":40}},"15":{"start":{"line":16,"column":0},"end":{"line":16,"column":44}},"16":{"start":{"line":17,"column":0},"end":{"line":17,"column":48}},"17":{"start":{"line":18,"column":0},"end":{"line":18,"column":25}},"18":{"start":{"line":19,"column":0},"end":{"line":19,"column":115}},"19":{"start":{"line":20,"column":0},"end":{"line":20,"column":49}},"20":{"start":{"line":21,"column":0},"end":{"line":21,"column":60}},"21":{"start":{"line":22,"column":0},"end":{"line":22,"column":35}},"22":{"start":{"line":23,"column":0},"end":{"line":23,"column":57}},"23":{"start":{"line":24,"column":0},"end":{"line":24,"column":13}},"24":{"start":{"line":25,"column":0},"end":{"line":25,"column":110}},"25":{"start":{"line":26,"column":0},"end":{"line":26,"column":56}},"26":{"start":{"line":27,"column":0},"end":{"line":27,"column":39}},"27":{"start":{"line":28,"column":0},"end":{"line":28,"column":62}},"28":{"start":{"line":29,"column":0},"end":{"line":29,"column":69}},"29":{"start":{"line":30,"column":0},"end":{"line":30,"column":92}},"30":{"start":{"line":31,"column":0},"end":{"line":31,"column":66}},"31":{"start":{"line":32,"column":0},"end":{"line":32,"column":54}},"32":{"start":{"line":33,"column":0},"end":{"line":33,"column":65}},"33":{"start":{"line":34,"column":0},"end":{"line":34,"column":55}},"34":{"start":{"line":35,"column":0},"end":{"line":35,"column":67}},"35":{"start":{"line":36,"column":0},"end":{"line":36,"column":57}},"36":{"start":{"line":37,"column":0},"end":{"line":37,"column":74}},"37":{"start":{"line":38,"column":0},"end":{"line":38,"column":37}},"38":{"start":{"line":39,"column":0},"end":{"line":39,"column":95}},"39":{"start":{"line":40,"column":0},"end":{"line":40,"column":80}},"40":{"start":{"line":41,"column":0},"end":{"line":41,"column":88}},"41":{"start":{"line":42,"column":0},"end":{"line":42,"column":78}},"42":{"start":{"line":43,"column":0},"end":{"line":43,"column":90}},"43":{"start":{"line":44,"column":0},"end":{"line":44,"column":78}},"44":{"start":{"line":45,"column":0},"end":{"line":45,"column":42}},"45":{"start":{"line":46,"column":0},"end":{"line":46,"column":78}},"46":{"start":{"line":47,"column":0},"end":{"line":47,"column":70}},"47":{"start":{"line":48,"column":0},"end":{"line":48,"column":45}},"48":{"start":{"line":49,"column":0},"end":{"line":49,"column":72}},"49":{"start":{"line":50,"column":0},"end":{"line":50,"column":85}},"50":{"start":{"line":51,"column":0},"end":{"line":51,"column":44}},"51":{"start":{"line":52,"column":0},"end":{"line":52,"column":78}},"52":{"start":{"line":53,"column":0},"end":{"line":53,"column":75}},"53":{"start":{"line":54,"column":0},"end":{"line":54,"column":13}},"54":{"start":{"line":55,"column":0},"end":{"line":55,"column":9}},"55":{"start":{"line":56,"column":0},"end":{"line":56,"column":23}},"56":{"start":{"line":57,"column":0},"end":{"line":57,"column":47}},"57":{"start":{"line":58,"column":0},"end":{"line":58,"column":71}},"58":{"start":{"line":59,"column":0},"end":{"line":59,"column":9}},"59":{"start":{"line":60,"column":0},"end":{"line":60,"column":7}},"60":{"start":{"line":61,"column":0},"end":{"line":61,"column":1}},"61":{"start":{"line":62,"column":0},"end":{"line":62,"column":51}},"62":{"start":{"line":63,"column":0},"end":{"line":63,"column":49}},"63":{"start":{"line":64,"column":0},"end":{"line":64,"column":94}},"64":{"start":{"line":65,"column":0},"end":{"line":65,"column":30}},"65":{"start":{"line":66,"column":0},"end":{"line":66,"column":1}},"66":{"start":{"line":67,"column":0},"end":{"line":67,"column":61}},"67":{"start":{"line":68,"column":0},"end":{"line":68,"column":42}},"68":{"start":{"line":69,"column":0},"end":{"line":69,"column":21}},"69":{"start":{"line":70,"column":0},"end":{"line":70,"column":25}},"70":{"start":{"line":71,"column":0},"end":{"line":71,"column":31}},"71":{"start":{"line":72,"column":0},"end":{"line":72,"column":33}},"72":{"start":{"line":73,"column":0},"end":{"line":73,"column":27}},"73":{"start":{"line":74,"column":0},"end":{"line":74,"column":42}},"74":{"start":{"line":75,"column":0},"end":{"line":75,"column":40}},"75":{"start":{"line":76,"column":0},"end":{"line":76,"column":13}},"76":{"start":{"line":77,"column":0},"end":{"line":77,"column":9}},"77":{"start":{"line":78,"column":0},"end":{"line":78,"column":33}},"78":{"start":{"line":79,"column":0},"end":{"line":79,"column":27}},"79":{"start":{"line":80,"column":0},"end":{"line":80,"column":9}},"80":{"start":{"line":81,"column":0},"end":{"line":81,"column":5}},"81":{"start":{"line":82,"column":0},"end":{"line":82,"column":20}},"82":{"start":{"line":83,"column":0},"end":{"line":83,"column":1}},"83":{"start":{"line":84,"column":0},"end":{"line":84,"column":54}},"84":{"start":{"line":85,"column":0},"end":{"line":85,"column":44}},"85":{"start":{"line":86,"column":0},"end":{"line":86,"column":68}},"86":{"start":{"line":87,"column":0},"end":{"line":87,"column":25}},"87":{"start":{"line":88,"column":0},"end":{"line":88,"column":14}},"88":{"start":{"line":89,"column":0},"end":{"line":89,"column":60}},"89":{"start":{"line":90,"column":0},"end":{"line":90,"column":38}},"90":{"start":{"line":91,"column":0},"end":{"line":91,"column":38}},"91":{"start":{"line":92,"column":0},"end":{"line":92,"column":79}},"92":{"start":{"line":93,"column":0},"end":{"line":93,"column":72}},"93":{"start":{"line":94,"column":0},"end":{"line":94,"column":24}},"94":{"start":{"line":95,"column":0},"end":{"line":95,"column":31}},"95":{"start":{"line":96,"column":0},"end":{"line":96,"column":52}},"96":{"start":{"line":97,"column":0},"end":{"line":97,"column":33}},"97":{"start":{"line":98,"column":0},"end":{"line":98,"column":28}},"98":{"start":{"line":99,"column":0},"end":{"line":99,"column":11}},"99":{"start":{"line":100,"column":0},"end":{"line":100,"column":5}},"100":{"start":{"line":101,"column":0},"end":{"line":101,"column":21}},"101":{"start":{"line":102,"column":0},"end":{"line":102,"column":1}},"102":{"start":{"line":103,"column":0},"end":{"line":103,"column":34}},"103":{"start":{"line":104,"column":0},"end":{"line":104,"column":31}}},"s":{"0":1,"1":1,"2":2,"3":2,"4":2,"5":2,"6":2,"7":2,"8":2,"9":2,"10":1,"11":2,"12":2,"13":1,"14":1,"15":1,"16":1,"17":1,"18":1,"19":1,"20":1,"21":2,"22":2,"23":2,"24":2,"25":2,"26":2,"27":4,"28":4,"29":4,"30":4,"31":4,"32":4,"33":4,"34":4,"35":4,"36":4,"37":4,"38":4,"39":4,"40":4,"41":4,"42":4,"43":4,"44":4,"45":4,"46":4,"47":4,"48":4,"49":4,"50":4,"51":4,"52":4,"53":4,"54":2,"55":2,"56":0,"57":0,"58":0,"59":2,"60":2,"61":1,"62":4,"63":4,"64":4,"65":4,"66":1,"67":4,"68":4,"69":4,"70":4,"71":294,"72":81,"73":81,"74":15,"75":15,"76":81,"77":294,"78":84,"79":84,"80":294,"81":4,"82":4,"83":1,"84":4,"85":4,"86":4,"87":4,"88":4,"89":9,"90":9,"91":9,"92":9,"93":9,"94":9,"95":9,"96":9,"97":9,"98":9,"99":9,"100":4,"101":4,"102":1,"103":1},"branchMap":{"0":{"type":"branch","line":19,"loc":{"start":{"line":19,"column":49},"end":{"line":19,"column":114}},"locations":[{"start":{"line":19,"column":49},"end":{"line":19,"column":114}}]},"1":{"type":"branch","line":2,"loc":{"start":{"line":2,"column":44},"end":{"line":10,"column":2}},"locations":[{"start":{"line":2,"column":44},"end":{"line":10,"column":2}}]},"2":{"type":"branch","line":3,"loc":{"start":{"line":3,"column":4},"end":{"line":3,"column":112}},"locations":[{"start":{"line":3,"column":4},"end":{"line":3,"column":112}}]},"3":{"type":"branch","line":3,"loc":{"start":{"line":3,"column":53},"end":{"line":3,"column":61}},"locations":[{"start":{"line":3,"column":53},"end":{"line":3,"column":61}}]},"4":{"type":"branch","line":3,"loc":{"start":{"line":3,"column":70},"end":{"line":3,"column":108}},"locations":[{"start":{"line":3,"column":70},"end":{"line":3,"column":108}}]},"5":{"type":"branch","line":4,"loc":{"start":{"line":4,"column":36},"end":{"line":9,"column":5}},"locations":[{"start":{"line":4,"column":36},"end":{"line":9,"column":5}}]},"6":{"type":"branch","line":5,"loc":{"start":{"line":5,"column":8},"end":{"line":5,"column":99}},"locations":[{"start":{"line":5,"column":8},"end":{"line":5,"column":99}}]},"7":{"type":"branch","line":5,"loc":{"start":{"line":5,"column":73},"end":{"line":5,"column":98}},"locations":[{"start":{"line":5,"column":73},"end":{"line":5,"column":98}}]},"8":{"type":"branch","line":7,"loc":{"start":{"line":7,"column":8},"end":{"line":7,"column":118}},"locations":[{"start":{"line":7,"column":8},"end":{"line":7,"column":118}}]},"9":{"type":"branch","line":7,"loc":{"start":{"line":7,"column":43},"end":{"line":7,"column":67}},"locations":[{"start":{"line":7,"column":43},"end":{"line":7,"column":67}}]},"10":{"type":"branch","line":7,"loc":{"start":{"line":7,"column":67},"end":{"line":7,"column":115}},"locations":[{"start":{"line":7,"column":67},"end":{"line":7,"column":115}}]},"11":{"type":"branch","line":11,"loc":{"start":{"line":11,"column":56},"end":{"line":13,"column":2}},"locations":[{"start":{"line":11,"column":56},"end":{"line":13,"column":2}}]},"12":{"type":"branch","line":12,"loc":{"start":{"line":12,"column":33},"end":{"line":12,"column":40}},"locations":[{"start":{"line":12,"column":33},"end":{"line":12,"column":40}}]},"13":{"type":"branch","line":22,"loc":{"start":{"line":22,"column":0},"end":{"line":61,"column":1}},"locations":[{"start":{"line":22,"column":0},"end":{"line":61,"column":1}}]},"14":{"type":"branch","line":23,"loc":{"start":{"line":23,"column":43},"end":{"line":60,"column":5}},"locations":[{"start":{"line":23,"column":43},"end":{"line":60,"column":5}}]},"15":{"type":"branch","line":27,"loc":{"start":{"line":27,"column":38},"end":{"line":54,"column":13}},"locations":[{"start":{"line":27,"column":38},"end":{"line":54,"column":13}}]},"16":{"type":"branch","line":41,"loc":{"start":{"line":41,"column":81},"end":{"line":41,"column":87}},"locations":[{"start":{"line":41,"column":81},"end":{"line":41,"column":87}}]},"17":{"type":"branch","line":43,"loc":{"start":{"line":43,"column":83},"end":{"line":43,"column":89}},"locations":[{"start":{"line":43,"column":83},"end":{"line":43,"column":89}}]},"18":{"type":"branch","line":56,"loc":{"start":{"line":56,"column":8},"end":{"line":59,"column":9}},"locations":[{"start":{"line":56,"column":8},"end":{"line":59,"column":9}}]},"19":{"type":"branch","line":39,"loc":{"start":{"line":39,"column":50},"end":{"line":39,"column":86}},"locations":[{"start":{"line":39,"column":50},"end":{"line":39,"column":86}}]},"20":{"type":"branch","line":63,"loc":{"start":{"line":63,"column":0},"end":{"line":66,"column":1}},"locations":[{"start":{"line":63,"column":0},"end":{"line":66,"column":1}}]},"21":{"type":"branch","line":64,"loc":{"start":{"line":64,"column":87},"end":{"line":64,"column":93}},"locations":[{"start":{"line":64,"column":87},"end":{"line":64,"column":93}}]},"22":{"type":"branch","line":68,"loc":{"start":{"line":68,"column":0},"end":{"line":83,"column":1}},"locations":[{"start":{"line":68,"column":0},"end":{"line":83,"column":1}}]},"23":{"type":"branch","line":71,"loc":{"start":{"line":71,"column":30},"end":{"line":81,"column":5}},"locations":[{"start":{"line":71,"column":30},"end":{"line":81,"column":5}}]},"24":{"type":"branch","line":72,"loc":{"start":{"line":72,"column":32},"end":{"line":77,"column":9}},"locations":[{"start":{"line":72,"column":32},"end":{"line":77,"column":9}}]},"25":{"type":"branch","line":74,"loc":{"start":{"line":74,"column":41},"end":{"line":76,"column":13}},"locations":[{"start":{"line":74,"column":41},"end":{"line":76,"column":13}}]},"26":{"type":"branch","line":78,"loc":{"start":{"line":78,"column":32},"end":{"line":80,"column":9}},"locations":[{"start":{"line":78,"column":32},"end":{"line":80,"column":9}}]},"27":{"type":"branch","line":85,"loc":{"start":{"line":85,"column":0},"end":{"line":102,"column":1}},"locations":[{"start":{"line":85,"column":0},"end":{"line":102,"column":1}}]},"28":{"type":"branch","line":89,"loc":{"start":{"line":89,"column":59},"end":{"line":100,"column":5}},"locations":[{"start":{"line":89,"column":59},"end":{"line":100,"column":5}}]}},"b":{"0":[0],"1":[2],"2":[6],"3":[0],"4":[6],"5":[2],"6":[6],"7":[0],"8":[8],"9":[2],"10":[6],"11":[2],"12":[0],"13":[2],"14":[2],"15":[4],"16":[2],"17":[1],"18":[0],"19":[294],"20":[4],"21":[0],"22":[4],"23":[294],"24":[81],"25":[15],"26":[84],"27":[4],"28":[9]},"fnMap":{"0":{"name":"Object.<anonymous>.__awaiter","decl":{"start":{"line":2,"column":44},"end":{"line":10,"column":2}},"loc":{"start":{"line":2,"column":44},"end":{"line":10,"column":2}},"line":2},"1":{"name":"adopt","decl":{"start":{"line":3,"column":4},"end":{"line":3,"column":112}},"loc":{"start":{"line":3,"column":4},"end":{"line":3,"column":112}},"line":3},"2":{"name":"fulfilled","decl":{"start":{"line":5,"column":8},"end":{"line":5,"column":99}},"loc":{"start":{"line":5,"column":8},"end":{"line":5,"column":99}},"line":5},"3":{"name":"rejected","decl":{"start":{"line":6,"column":8},"end":{"line":6,"column":102}},"loc":{"start":{"line":6,"column":8},"end":{"line":6,"column":102}},"line":6},"4":{"name":"step","decl":{"start":{"line":7,"column":8},"end":{"line":7,"column":118}},"loc":{"start":{"line":7,"column":8},"end":{"line":7,"column":118}},"line":7},"5":{"name":"Object.<anonymous>.__importDefault","decl":{"start":{"line":11,"column":56},"end":{"line":13,"column":2}},"loc":{"start":{"line":11,"column":56},"end":{"line":13,"column":2}},"line":11},"6":{"name":"analizarCodigo","decl":{"start":{"line":22,"column":0},"end":{"line":61,"column":1}},"loc":{"start":{"line":22,"column":0},"end":{"line":61,"column":1}},"line":22},"7":{"name":"calculateCyclomaticComplexity","decl":{"start":{"line":63,"column":0},"end":{"line":66,"column":1}},"loc":{"start":{"line":63,"column":0},"end":{"line":66,"column":1}},"line":63},"8":{"name":"calculateMaxNestingDepth","decl":{"start":{"line":68,"column":0},"end":{"line":83,"column":1}},"loc":{"start":{"line":68,"column":0},"end":{"line":83,"column":1}},"line":68},"9":{"name":"calculateFunctionDetails","decl":{"start":{"line":85,"column":0},"end":{"line":102,"column":1}},"loc":{"start":{"line":85,"column":0},"end":{"line":102,"column":1}},"line":85}},"f":{"0":2,"1":6,"2":6,"3":0,"4":8,"5":2,"6":2,"7":4,"8":4,"9":4}},"C:\\Users\\Fktech\\OneDrive - FK TECH SRL\\Escritorio\\CursoNodeJS-Pedro\\GitClass\\src\\utils\\suma.js":{"path":"C:\\Users\\Fktech\\OneDrive - FK TECH SRL\\Escritorio\\CursoNodeJS-Pedro\\GitClass\\src\\utils\\suma.js","all":false,"statementMap":{"0":{"start":{"line":1,"column":0},"end":{"line":1,"column":13}},"1":{"start":{"line":2,"column":0},"end":{"line":2,"column":62}},"2":{"start":{"line":3,"column":0},"end":{"line":3,"column":18}},"3":{"start":{"line":4,"column":0},"end":{"line":4,"column":20}},"4":{"start":{"line":5,"column":0},"end":{"line":5,"column":17}},"5":{"start":{"line":6,"column":0},"end":{"line":6,"column":1}}},"s":{"0":1,"1":1,"2":1,"3":6,"4":6,"5":6},"branchMap":{"0":{"type":"branch","line":4,"loc":{"start":{"line":4,"column":0},"end":{"line":6,"column":1}},"locations":[{"start":{"line":4,"column":0},"end":{"line":6,"column":1}}]}},"b":{"0":[6]},"fnMap":{"0":{"name":"sum","decl":{"start":{"line":4,"column":0},"end":{"line":6,"column":1}},"loc":{"start":{"line":4,"column":0},"end":{"line":6,"column":1}},"line":4}},"f":{"0":6}}}}
