TN:
SF:src\analysis\codeAnalyzer.js
FN:2,Object.<anonymous>.__awaiter
FN:3,adopt
FN:5,fulfilled
FN:6,rejected
FN:7,step
FN:11,Object.<anonymous>.__importDefault
FN:22,analizarCodigo
FNF:7
FNH:6
FNDA:2,Object.<anonymous>.__awaiter
FNDA:6,adopt
FNDA:6,fulfilled
FNDA:0,rejected
FNDA:8,step
FNDA:2,Object.<anonymous>.__importDefault
FNDA:2,analizarCodigo
DA:1,1
DA:2,1
DA:3,2
DA:4,2
DA:5,2
DA:6,2
DA:7,2
DA:8,2
DA:9,2
DA:10,2
DA:11,1
DA:12,2
DA:13,2
DA:14,1
DA:15,1
DA:16,1
DA:17,1
DA:18,1
DA:19,1
DA:20,1
DA:21,1
DA:22,2
DA:23,2
DA:24,2
DA:25,2
DA:26,2
DA:27,2
DA:28,4
DA:29,4
DA:30,4
DA:31,4
DA:32,4
DA:33,4
DA:34,4
DA:35,4
DA:36,4
DA:37,4
DA:38,4
DA:39,2
DA:40,2
DA:41,0
DA:42,0
DA:43,2
DA:44,2
DA:45,1
DA:46,1
LF:46
LH:44
BRDA:19,0,0,0
BRDA:2,1,0,2
BRDA:3,2,0,6
BRDA:3,3,0,0
BRDA:3,4,0,6
BRDA:4,5,0,2
BRDA:5,6,0,6
BRDA:5,7,0,0
BRDA:7,8,0,8
BRDA:7,9,0,2
BRDA:7,10,0,6
BRDA:11,11,0,2
BRDA:12,12,0,0
BRDA:22,13,0,2
BRDA:23,14,0,2
BRDA:27,15,0,4
BRDA:40,16,0,0
BRF:17
BRH:12
end_of_record
